2013/10/02 16:45:01 [trace] [system.CModule] Loading "log" application component
in D:\www\test\novel\common.php (11)
in D:\www\test\novel\admin.php (11)
2013/10/02 16:45:01 [trace] [system.CModule] Loading "request" application component
in D:\www\test\novel\common.php (11)
in D:\www\test\novel\admin.php (11)
2013/10/02 16:45:01 [trace] [system.CModule] Loading "urlManager" application component
in D:\www\test\novel\common.php (13)
in D:\www\test\novel\admin.php (11)
2013/10/02 16:45:01 [trace] [system.CModule] Loading "user" application component
in D:\www\test\novel\protected\admin\components\Controller.php (14)
in D:\www\test\novel\common.php (13)
in D:\www\test\novel\admin.php (11)
2013/10/02 16:45:01 [trace] [system.CModule] Loading "session" application component
in D:\www\test\novel\protected\admin\components\Controller.php (14)
in D:\www\test\novel\common.php (13)
in D:\www\test\novel\admin.php (11)
2013/10/02 16:45:01 [trace] [system.CModule] Loading "themeManager" application component
in D:\www\test\novel\protected\admin\controllers\SiteController.php (47)
in D:\www\test\novel\common.php (13)
in D:\www\test\novel\admin.php (11)
2013/10/02 16:45:01 [trace] [system.CModule] Loading "widgetFactory" application component
in D:\www\test\novel\themes\admin\bootstrap\views\layouts\flash-message.php (10)
in D:\www\test\novel\themes\admin\bootstrap\views\site\login.php (48)
in D:\www\test\novel\protected\admin\controllers\SiteController.php (47)
2013/10/02 16:45:01 [trace] [system.CModule] Loading "clientScript" application component
in D:\www\test\novel\protected\extensions\bootstrap\widgets\TbAlert.php (135)
in D:\www\test\novel\themes\admin\bootstrap\views\layouts\flash-message.php (10)
in D:\www\test\novel\themes\admin\bootstrap\views\site\login.php (48)
2013/10/02 16:45:01 [trace] [system.CModule] Loading "coreMessages" application component
in D:\www\test\novel\protected\extensions\bootstrap\widgets\TbActiveForm.php (437)
in D:\www\test\novel\protected\extensions\bootstrap\widgets\input\TbInput.php (330)
in D:\www\test\novel\protected\extensions\bootstrap\widgets\input\TbInputHorizontal.php (183)
2013/10/02 16:45:01 [trace] [system.CModule] Loading "bootstrap" application component
in D:\www\test\novel\themes\admin\bootstrap\views\layouts\main-login.php (12)
in D:\www\test\novel\protected\admin\controllers\SiteController.php (47)
in D:\www\test\novel\common.php (13)
2013/10/02 16:45:01 [trace] [system.CModule] Loading "assetManager" application component
in D:\www\test\novel\protected\extensions\bootstrap\components\Bootstrap.php (306)
in D:\www\test\novel\protected\extensions\bootstrap\components\Bootstrap.php (50)
in D:\www\test\novel\protected\extensions\bootstrap\components\Bootstrap.php (81)
2013/10/02 16:45:01 [trace] [system.CModule] Loading "log" application component
in D:\www\test\novel\common.php (11)
in D:\www\test\novel\admin.php (11)
2013/10/02 16:45:01 [trace] [system.CModule] Loading "request" application component
in D:\www\test\novel\common.php (11)
in D:\www\test\novel\admin.php (11)
2013/10/02 16:45:01 [trace] [system.CModule] Loading "urlManager" application component
in D:\www\test\novel\common.php (13)
in D:\www\test\novel\admin.php (11)
2013/10/02 16:45:01 [trace] [system.CModule] Loading "user" application component
in D:\www\test\novel\protected\admin\components\Controller.php (14)
in D:\www\test\novel\common.php (13)
in D:\www\test\novel\admin.php (11)
2013/10/02 16:45:01 [trace] [system.CModule] Loading "session" application component
in D:\www\test\novel\protected\admin\components\Controller.php (14)
in D:\www\test\novel\common.php (13)
in D:\www\test\novel\admin.php (11)
2013/10/02 16:45:01 [trace] [system.CModule] Loading "themeManager" application component
in D:\www\test\novel\protected\admin\controllers\SiteController.php (47)
in D:\www\test\novel\common.php (13)
in D:\www\test\novel\admin.php (11)
2013/10/02 16:45:01 [trace] [system.CModule] Loading "widgetFactory" application component
in D:\www\test\novel\themes\admin\bootstrap\views\layouts\flash-message.php (10)
in D:\www\test\novel\themes\admin\bootstrap\views\site\login.php (48)
in D:\www\test\novel\protected\admin\controllers\SiteController.php (47)
2013/10/02 16:45:01 [trace] [system.CModule] Loading "clientScript" application component
in D:\www\test\novel\protected\extensions\bootstrap\widgets\TbAlert.php (135)
in D:\www\test\novel\themes\admin\bootstrap\views\layouts\flash-message.php (10)
in D:\www\test\novel\themes\admin\bootstrap\views\site\login.php (48)
2013/10/02 16:45:01 [trace] [system.CModule] Loading "coreMessages" application component
in D:\www\test\novel\protected\extensions\bootstrap\widgets\TbActiveForm.php (437)
in D:\www\test\novel\protected\extensions\bootstrap\widgets\input\TbInput.php (330)
in D:\www\test\novel\protected\extensions\bootstrap\widgets\input\TbInputHorizontal.php (183)
2013/10/02 16:45:01 [trace] [system.CModule] Loading "bootstrap" application component
in D:\www\test\novel\themes\admin\bootstrap\views\layouts\main-login.php (12)
in D:\www\test\novel\protected\admin\controllers\SiteController.php (47)
in D:\www\test\novel\common.php (13)
2013/10/02 16:45:01 [trace] [system.CModule] Loading "assetManager" application component
in D:\www\test\novel\protected\extensions\bootstrap\components\Bootstrap.php (306)
in D:\www\test\novel\protected\extensions\bootstrap\components\Bootstrap.php (50)
in D:\www\test\novel\protected\extensions\bootstrap\components\Bootstrap.php (81)
2013/10/02 16:45:16 [trace] [system.CModule] Loading "log" application component
in D:\www\test\novel\common.php (11)
in D:\www\test\novel\admin.php (11)
2013/10/02 16:45:16 [trace] [system.CModule] Loading "request" application component
in D:\www\test\novel\common.php (11)
in D:\www\test\novel\admin.php (11)
2013/10/02 16:45:16 [trace] [system.CModule] Loading "urlManager" application component
in D:\www\test\novel\common.php (13)
in D:\www\test\novel\admin.php (11)
2013/10/02 16:45:16 [trace] [system.CModule] Loading "user" application component
in D:\www\test\novel\protected\admin\components\Controller.php (14)
in D:\www\test\novel\common.php (13)
in D:\www\test\novel\admin.php (11)
2013/10/02 16:45:16 [trace] [system.CModule] Loading "session" application component
in D:\www\test\novel\protected\admin\components\Controller.php (14)
in D:\www\test\novel\common.php (13)
in D:\www\test\novel\admin.php (11)
2013/10/02 16:45:16 [trace] [system.CModule] Loading "db" application component
in D:\www\test\novel\protected\models\AdminUser.php (29)
in D:\www\test\novel\protected\admin\components\UserIdentity.php (13)
in D:\www\test\novel\protected\admin\controllers\SiteController.php (36)
2013/10/02 16:45:16 [trace] [system.db.CDbConnection] Opening DB connection
in D:\www\test\novel\protected\models\AdminUser.php (29)
in D:\www\test\novel\protected\admin\components\UserIdentity.php (13)
in D:\www\test\novel\protected\admin\controllers\SiteController.php (36)
2013/10/02 16:45:16 [trace] [system.db.CDbCommand] Querying SQL: SHOW FULL COLUMNS FROM `admin`
in D:\www\test\novel\protected\models\AdminUser.php (29)
in D:\www\test\novel\protected\admin\components\UserIdentity.php (13)
in D:\www\test\novel\protected\admin\controllers\SiteController.php (36)
2013/10/02 16:45:16 [trace] [system.db.CDbCommand] Querying SQL: SHOW CREATE TABLE `admin`
in D:\www\test\novel\protected\models\AdminUser.php (29)
in D:\www\test\novel\protected\admin\components\UserIdentity.php (13)
in D:\www\test\novel\protected\admin\controllers\SiteController.php (36)
2013/10/02 16:45:16 [trace] [system.db.ar.CActiveRecord] AdminUser.find()
in D:\www\test\novel\protected\admin\components\UserIdentity.php (19)
in D:\www\test\novel\protected\admin\controllers\SiteController.php (36)
in D:\www\test\novel\common.php (13)
2013/10/02 16:45:16 [trace] [system.db.CDbCommand] Querying SQL: SELECT * FROM `admin` `t` WHERE LOWER(username)=? and password=? and status=? LIMIT 1
in D:\www\test\novel\protected\admin\components\UserIdentity.php (19)
in D:\www\test\novel\protected\admin\controllers\SiteController.php (36)
in D:\www\test\novel\common.php (13)
2013/10/02 16:45:16 [trace] [system.db.ar.CActiveRecord] AdminUser.findAll()
in D:\www\test\novel\protected\models\AdminUser.php (115)
in D:\www\test\novel\protected\admin\components\UserIdentity.php (27)
in D:\www\test\novel\protected\admin\controllers\SiteController.php (36)
2013/10/02 16:45:16 [trace] [system.db.CDbCommand] Querying SQL: SELECT * FROM `admin` `t` WHERE `t`.`username`=:ycp0 LIMIT 2
in D:\www\test\novel\protected\models\AdminUser.php (115)
in D:\www\test\novel\protected\admin\components\UserIdentity.php (27)
in D:\www\test\novel\protected\admin\controllers\SiteController.php (36)
2013/10/02 16:45:16 [trace] [system.db.ar.CActiveRecord] AdminUser.update()
in D:\www\test\novel\protected\models\AdminUser.php (115)
in D:\www\test\novel\protected\admin\components\UserIdentity.php (27)
in D:\www\test\novel\protected\admin\controllers\SiteController.php (36)
2013/10/02 16:45:16 [trace] [system.db.ar.CActiveRecord] AdminUser.updateByPk()
in D:\www\test\novel\protected\models\AdminUser.php (115)
in D:\www\test\novel\protected\admin\components\UserIdentity.php (27)
in D:\www\test\novel\protected\admin\controllers\SiteController.php (36)
2013/10/02 16:45:16 [trace] [system.db.CDbCommand] Executing SQL: UPDATE `admin` SET `id`=:yp0, `username`=:yp1, `password`=:yp2, `realname`=:yp3, `roleid`=:yp4, `telephone`=:yp5, `qq`=:yp6, `email`=:yp7, `address`=:yp8, `createtime`=:yp9, `updatetime`=:yp10, `lastlogintime`=:yp11, `status`=:yp12, `loginhits`=:yp13 WHERE `admin`.`id`=1
in D:\www\test\novel\protected\models\AdminUser.php (115)
in D:\www\test\novel\protected\admin\components\UserIdentity.php (27)
in D:\www\test\novel\protected\admin\controllers\SiteController.php (36)
2013/10/02 16:45:16 [trace] [system.CModule] Loading "log" application component
in D:\www\test\novel\common.php (11)
in D:\www\test\novel\admin.php (11)
2013/10/02 16:45:16 [trace] [system.CModule] Loading "request" application component
in D:\www\test\novel\common.php (11)
in D:\www\test\novel\admin.php (11)
2013/10/02 16:45:16 [trace] [system.CModule] Loading "urlManager" application component
in D:\www\test\novel\common.php (13)
in D:\www\test\novel\admin.php (11)
2013/10/02 16:45:16 [trace] [system.CModule] Loading "user" application component
in D:\www\test\novel\protected\admin\components\Controller.php (14)
in D:\www\test\novel\common.php (13)
in D:\www\test\novel\admin.php (11)
2013/10/02 16:45:16 [trace] [system.CModule] Loading "session" application component
in D:\www\test\novel\protected\admin\components\Controller.php (14)
in D:\www\test\novel\common.php (13)
in D:\www\test\novel\admin.php (11)
2013/10/02 16:45:16 [trace] [system.CModule] Loading "db" application component
in D:\www\test\novel\protected\models\AdminUser.php (29)
in D:\www\test\novel\protected\admin\components\UserIdentity.php (13)
in D:\www\test\novel\protected\admin\controllers\SiteController.php (36)
2013/10/02 16:45:16 [trace] [system.db.CDbConnection] Opening DB connection
in D:\www\test\novel\protected\models\AdminUser.php (29)
in D:\www\test\novel\protected\admin\components\UserIdentity.php (13)
in D:\www\test\novel\protected\admin\controllers\SiteController.php (36)
2013/10/02 16:45:16 [trace] [system.db.CDbCommand] Querying SQL: SHOW FULL COLUMNS FROM `admin`
in D:\www\test\novel\protected\models\AdminUser.php (29)
in D:\www\test\novel\protected\admin\components\UserIdentity.php (13)
in D:\www\test\novel\protected\admin\controllers\SiteController.php (36)
2013/10/02 16:45:16 [trace] [system.db.CDbCommand] Querying SQL: SHOW CREATE TABLE `admin`
in D:\www\test\novel\protected\models\AdminUser.php (29)
in D:\www\test\novel\protected\admin\components\UserIdentity.php (13)
in D:\www\test\novel\protected\admin\controllers\SiteController.php (36)
2013/10/02 16:45:16 [trace] [system.db.ar.CActiveRecord] AdminUser.find()
in D:\www\test\novel\protected\admin\components\UserIdentity.php (19)
in D:\www\test\novel\protected\admin\controllers\SiteController.php (36)
in D:\www\test\novel\common.php (13)
2013/10/02 16:45:16 [trace] [system.db.CDbCommand] Querying SQL: SELECT * FROM `admin` `t` WHERE LOWER(username)=? and password=? and status=? LIMIT 1
in D:\www\test\novel\protected\admin\components\UserIdentity.php (19)
in D:\www\test\novel\protected\admin\controllers\SiteController.php (36)
in D:\www\test\novel\common.php (13)
2013/10/02 16:45:16 [trace] [system.db.ar.CActiveRecord] AdminUser.findAll()
in D:\www\test\novel\protected\models\AdminUser.php (115)
in D:\www\test\novel\protected\admin\components\UserIdentity.php (27)
in D:\www\test\novel\protected\admin\controllers\SiteController.php (36)
2013/10/02 16:45:16 [trace] [system.db.CDbCommand] Querying SQL: SELECT * FROM `admin` `t` WHERE `t`.`username`=:ycp0 LIMIT 2
in D:\www\test\novel\protected\models\AdminUser.php (115)
in D:\www\test\novel\protected\admin\components\UserIdentity.php (27)
in D:\www\test\novel\protected\admin\controllers\SiteController.php (36)
2013/10/02 16:45:16 [trace] [system.db.ar.CActiveRecord] AdminUser.update()
in D:\www\test\novel\protected\models\AdminUser.php (115)
in D:\www\test\novel\protected\admin\components\UserIdentity.php (27)
in D:\www\test\novel\protected\admin\controllers\SiteController.php (36)
2013/10/02 16:45:16 [trace] [system.db.ar.CActiveRecord] AdminUser.updateByPk()
in D:\www\test\novel\protected\models\AdminUser.php (115)
in D:\www\test\novel\protected\admin\components\UserIdentity.php (27)
in D:\www\test\novel\protected\admin\controllers\SiteController.php (36)
2013/10/02 16:45:16 [trace] [system.db.CDbCommand] Executing SQL: UPDATE `admin` SET `id`=:yp0, `username`=:yp1, `password`=:yp2, `realname`=:yp3, `roleid`=:yp4, `telephone`=:yp5, `qq`=:yp6, `email`=:yp7, `address`=:yp8, `createtime`=:yp9, `updatetime`=:yp10, `lastlogintime`=:yp11, `status`=:yp12, `loginhits`=:yp13 WHERE `admin`.`id`=1
in D:\www\test\novel\protected\models\AdminUser.php (115)
in D:\www\test\novel\protected\admin\components\UserIdentity.php (27)
in D:\www\test\novel\protected\admin\controllers\SiteController.php (36)
2013/10/02 16:45:16 [trace] [system.CModule] Loading "log" application component
in D:\www\test\novel\common.php (11)
in D:\www\test\novel\admin.php (11)
2013/10/02 16:45:16 [trace] [system.CModule] Loading "request" application component
in D:\www\test\novel\common.php (11)
in D:\www\test\novel\admin.php (11)
2013/10/02 16:45:16 [trace] [system.CModule] Loading "urlManager" application component
in D:\www\test\novel\common.php (13)
in D:\www\test\novel\admin.php (11)
2013/10/02 16:45:16 [trace] [system.CModule] Loading "user" application component
in D:\www\test\novel\protected\admin\components\Controller.php (14)
in D:\www\test\novel\common.php (13)
in D:\www\test\novel\admin.php (11)
2013/10/02 16:45:16 [trace] [system.CModule] Loading "session" application component
in D:\www\test\novel\protected\admin\components\Controller.php (14)
in D:\www\test\novel\common.php (13)
in D:\www\test\novel\admin.php (11)
2013/10/02 16:45:16 [trace] [system.CModule] Loading "themeManager" application component
in D:\www\test\novel\protected\admin\controllers\SiteController.php (22)
in D:\www\test\novel\common.php (13)
in D:\www\test\novel\admin.php (11)
2013/10/02 16:45:16 [trace] [system.CModule] Loading "widgetFactory" application component
in D:\www\test\novel\themes\admin\bootstrap\views\site\index.php (9)
in D:\www\test\novel\protected\admin\controllers\SiteController.php (22)
in D:\www\test\novel\common.php (13)
2013/10/02 16:45:16 [trace] [system.CModule] Loading "bootstrap" application component
in D:\www\test\novel\themes\admin\bootstrap\views\layouts\main.php (12)
in D:\www\test\novel\protected\admin\controllers\SiteController.php (22)
in D:\www\test\novel\common.php (13)
2013/10/02 16:45:16 [trace] [system.CModule] Loading "clientScript" application component
in D:\www\test\novel\protected\extensions\bootstrap\components\Bootstrap.php (50)
in D:\www\test\novel\protected\extensions\bootstrap\components\Bootstrap.php (81)
in D:\www\test\novel\protected\extensions\bootstrap\components\Bootstrap.php (115)
2013/10/02 16:45:16 [trace] [system.CModule] Loading "assetManager" application component
in D:\www\test\novel\protected\extensions\bootstrap\components\Bootstrap.php (306)
in D:\www\test\novel\protected\extensions\bootstrap\components\Bootstrap.php (50)
in D:\www\test\novel\protected\extensions\bootstrap\components\Bootstrap.php (81)
2013/10/02 16:45:16 [trace] [system.CModule] Loading "log" application component
in D:\www\test\novel\common.php (11)
in D:\www\test\novel\admin.php (11)
2013/10/02 16:45:16 [trace] [system.CModule] Loading "request" application component
in D:\www\test\novel\common.php (11)
in D:\www\test\novel\admin.php (11)
2013/10/02 16:45:16 [trace] [system.CModule] Loading "urlManager" application component
in D:\www\test\novel\common.php (13)
in D:\www\test\novel\admin.php (11)
2013/10/02 16:45:16 [trace] [system.CModule] Loading "user" application component
in D:\www\test\novel\protected\admin\components\Controller.php (14)
in D:\www\test\novel\common.php (13)
in D:\www\test\novel\admin.php (11)
2013/10/02 16:45:16 [trace] [system.CModule] Loading "session" application component
in D:\www\test\novel\protected\admin\components\Controller.php (14)
in D:\www\test\novel\common.php (13)
in D:\www\test\novel\admin.php (11)
2013/10/02 16:45:16 [trace] [system.CModule] Loading "themeManager" application component
in D:\www\test\novel\protected\admin\controllers\SiteController.php (22)
in D:\www\test\novel\common.php (13)
in D:\www\test\novel\admin.php (11)
2013/10/02 16:45:16 [trace] [system.CModule] Loading "widgetFactory" application component
in D:\www\test\novel\themes\admin\bootstrap\views\site\index.php (9)
in D:\www\test\novel\protected\admin\controllers\SiteController.php (22)
in D:\www\test\novel\common.php (13)
2013/10/02 16:45:16 [trace] [system.CModule] Loading "bootstrap" application component
in D:\www\test\novel\themes\admin\bootstrap\views\layouts\main.php (12)
in D:\www\test\novel\protected\admin\controllers\SiteController.php (22)
in D:\www\test\novel\common.php (13)
2013/10/02 16:45:16 [trace] [system.CModule] Loading "clientScript" application component
in D:\www\test\novel\protected\extensions\bootstrap\components\Bootstrap.php (50)
in D:\www\test\novel\protected\extensions\bootstrap\components\Bootstrap.php (81)
in D:\www\test\novel\protected\extensions\bootstrap\components\Bootstrap.php (115)
2013/10/02 16:45:16 [trace] [system.CModule] Loading "assetManager" application component
in D:\www\test\novel\protected\extensions\bootstrap\components\Bootstrap.php (306)
in D:\www\test\novel\protected\extensions\bootstrap\components\Bootstrap.php (50)
in D:\www\test\novel\protected\extensions\bootstrap\components\Bootstrap.php (81)
