2013/10/02 16:43:29 [trace] [system.CModule] Loading "log" application component
in D:\www\test\novel\common.php (11)
in D:\www\test\novel\index.php (11)
2013/10/02 16:43:29 [trace] [system.CModule] Loading "request" application component
in D:\www\test\novel\common.php (11)
in D:\www\test\novel\index.php (11)
2013/10/02 16:43:29 [trace] [system.CModule] Loading "urlManager" application component
in D:\www\test\novel\common.php (13)
in D:\www\test\novel\index.php (11)
2013/10/02 16:43:29 [trace] [system.CModule] Loading "log" application component
in D:\www\test\novel\common.php (11)
in D:\www\test\novel\index.php (11)
2013/10/02 16:43:29 [trace] [system.CModule] Loading "request" application component
in D:\www\test\novel\common.php (11)
in D:\www\test\novel\index.php (11)
2013/10/02 16:43:29 [trace] [system.CModule] Loading "urlManager" application component
in D:\www\test\novel\common.php (13)
in D:\www\test\novel\index.php (11)
2013/10/02 16:43:29 [trace] [system.CModule] Loading "coreMessages" application component
in D:\www\test\novel\common.php (13)
in D:\www\test\novel\index.php (11)
2013/10/02 16:43:29 [error] [exception.CHttpException.404] exception 'CHttpException' with message '无法解析请求 "setup"。' in D:\www\test\novel\framework\web\CWebApplication.php:286
Stack trace:
#0 D:\www\test\novel\framework\web\CWebApplication.php(141): CWebApplication->runController('setup')
#1 D:\www\test\novel\framework\base\CApplication.php(169): CWebApplication->processRequest()
#2 D:\www\test\novel\common.php(13): CApplication->run()
#3 D:\www\test\novel\index.php(11): require_once('D:\www\test\nov...')
#4 {main}
REQUEST_URI=/test/novel/setup
---
2013/10/02 16:43:29 [trace] [system.CModule] Loading "errorHandler" application component
2013/10/02 16:43:29 [trace] [system.CModule] Loading "user" application component
in D:\www\test\novel\protected\controllers\SiteController.php (127)
2013/10/02 16:43:29 [trace] [system.CModule] Loading "session" application component
in D:\www\test\novel\protected\controllers\SiteController.php (127)
2013/10/02 16:43:29 [trace] [system.CModule] Loading "themeManager" application component
in D:\www\test\novel\protected\controllers\SiteController.php (129)
2013/10/02 16:43:29 [trace] [system.CModule] Loading "widgetFactory" application component
in D:\www\test\novel\themes\front\bootstrap\views\layouts\flash-message.php (10)
in D:\www\test\novel\themes\front\bootstrap\views\site\error.php (48)
in D:\www\test\novel\protected\controllers\SiteController.php (129)
2013/10/02 16:43:29 [trace] [system.CModule] Loading "clientScript" application component
in D:\www\test\novel\protected\extensions\bootstrap\widgets\TbAlert.php (135)
in D:\www\test\novel\themes\front\bootstrap\views\layouts\flash-message.php (10)
in D:\www\test\novel\themes\front\bootstrap\views\site\error.php (48)
2013/10/02 16:43:29 [trace] [system.CModule] Loading "bootstrap" application component
in D:\www\test\novel\themes\front\bootstrap\views\layouts\main.php (12)
in D:\www\test\novel\protected\controllers\SiteController.php (129)
2013/10/02 16:43:29 [trace] [system.CModule] Loading "assetManager" application component
in D:\www\test\novel\protected\extensions\bootstrap\components\Bootstrap.php (306)
in D:\www\test\novel\protected\extensions\bootstrap\components\Bootstrap.php (50)
in D:\www\test\novel\protected\extensions\bootstrap\components\Bootstrap.php (81)
2013/10/02 16:43:43 [trace] [system.CModule] Loading "log" application component
in D:\www\test\novel\common.php (11)
in D:\www\test\novel\index.php (11)
2013/10/02 16:43:43 [trace] [system.CModule] Loading "request" application component
in D:\www\test\novel\common.php (11)
in D:\www\test\novel\index.php (11)
2013/10/02 16:43:43 [trace] [system.CModule] Loading "urlManager" application component
in D:\www\test\novel\common.php (13)
in D:\www\test\novel\index.php (11)
2013/10/02 16:43:43 [trace] [system.CModule] Loading "coreMessages" application component
in D:\www\test\novel\common.php (13)
in D:\www\test\novel\index.php (11)
2013/10/02 16:43:43 [error] [exception.CHttpException.404] exception 'CHttpException' with message '无法解析请求 "setup"。' in D:\www\test\novel\framework\web\CWebApplication.php:286
Stack trace:
#0 D:\www\test\novel\framework\web\CWebApplication.php(141): CWebApplication->runController('setup')
#1 D:\www\test\novel\framework\base\CApplication.php(169): CWebApplication->processRequest()
#2 D:\www\test\novel\common.php(13): CApplication->run()
#3 D:\www\test\novel\index.php(11): require_once('D:\www\test\nov...')
#4 {main}
REQUEST_URI=/test/novel/setup
---
2013/10/02 16:43:43 [trace] [system.CModule] Loading "errorHandler" application component
2013/10/02 16:43:43 [trace] [system.CModule] Loading "user" application component
in D:\www\test\novel\protected\controllers\SiteController.php (127)
2013/10/02 16:43:43 [trace] [system.CModule] Loading "session" application component
in D:\www\test\novel\protected\controllers\SiteController.php (127)
2013/10/02 16:43:43 [trace] [system.CModule] Loading "themeManager" application component
in D:\www\test\novel\protected\controllers\SiteController.php (129)
2013/10/02 16:43:43 [trace] [system.CModule] Loading "widgetFactory" application component
in D:\www\test\novel\themes\front\bootstrap\views\layouts\flash-message.php (10)
in D:\www\test\novel\themes\front\bootstrap\views\site\error.php (48)
in D:\www\test\novel\protected\controllers\SiteController.php (129)
2013/10/02 16:43:43 [trace] [system.CModule] Loading "clientScript" application component
in D:\www\test\novel\protected\extensions\bootstrap\widgets\TbAlert.php (135)
in D:\www\test\novel\themes\front\bootstrap\views\layouts\flash-message.php (10)
in D:\www\test\novel\themes\front\bootstrap\views\site\error.php (48)
2013/10/02 16:43:43 [trace] [system.CModule] Loading "bootstrap" application component
in D:\www\test\novel\themes\front\bootstrap\views\layouts\main.php (12)
in D:\www\test\novel\protected\controllers\SiteController.php (129)
2013/10/02 16:43:43 [trace] [system.CModule] Loading "assetManager" application component
in D:\www\test\novel\protected\extensions\bootstrap\components\Bootstrap.php (306)
in D:\www\test\novel\protected\extensions\bootstrap\components\Bootstrap.php (50)
in D:\www\test\novel\protected\extensions\bootstrap\components\Bootstrap.php (81)
2013/10/02 16:43:43 [trace] [system.CModule] Loading "db" application component
in D:\www\test\novel\protected\models\Category.php (29)
in D:\www\test\novel\protected\models\Category.php (180)
in D:\www\test\novel\themes\front\bootstrap\views\layouts\main.php (18)
2013/10/02 16:43:43 [trace] [system.db.CDbConnection] Opening DB connection
in D:\www\test\novel\protected\models\Category.php (29)
in D:\www\test\novel\protected\models\Category.php (180)
in D:\www\test\novel\themes\front\bootstrap\views\layouts\main.php (18)
2013/10/02 16:43:43 [trace] [system.db.CDbCommand] Querying SQL: SHOW FULL COLUMNS FROM `category`
in D:\www\test\novel\protected\models\Category.php (29)
in D:\www\test\novel\protected\models\Category.php (180)
in D:\www\test\novel\themes\front\bootstrap\views\layouts\main.php (18)
2013/10/02 16:43:43 [trace] [system.db.CDbCommand] Querying SQL: SHOW CREATE TABLE `category`
in D:\www\test\novel\protected\models\Category.php (29)
in D:\www\test\novel\protected\models\Category.php (180)
in D:\www\test\novel\themes\front\bootstrap\views\layouts\main.php (18)
2013/10/02 16:43:43 [trace] [system.db.ar.CActiveRecord] Category.findAll()
in D:\www\test\novel\protected\models\Category.php (180)
in D:\www\test\novel\themes\front\bootstrap\views\layouts\main.php (18)
in D:\www\test\novel\protected\controllers\SiteController.php (129)
2013/10/02 16:43:43 [trace] [system.db.CDbCommand] Querying SQL: SELECT id,title,shorttitle FROM `category` `t` WHERE (status=:ycp0) AND (isnav=:ycp1) ORDER BY sort desc
in D:\www\test\novel\protected\models\Category.php (180)
in D:\www\test\novel\themes\front\bootstrap\views\layouts\main.php (18)
in D:\www\test\novel\protected\controllers\SiteController.php (129)
2013/10/02 16:43:52 [trace] [system.CModule] Loading "log" application component
in D:\www\test\novel\common.php (11)
in D:\www\test\novel\index.php (11)
2013/10/02 16:43:52 [trace] [system.CModule] Loading "request" application component
in D:\www\test\novel\common.php (11)
in D:\www\test\novel\index.php (11)
2013/10/02 16:43:52 [trace] [system.CModule] Loading "urlManager" application component
in D:\www\test\novel\common.php (13)
in D:\www\test\novel\index.php (11)
2013/10/02 16:43:52 [trace] [system.CModule] Loading "log" application component
in D:\www\test\novel\common.php (11)
in D:\www\test\novel\index.php (11)
2013/10/02 16:43:52 [trace] [system.CModule] Loading "request" application component
in D:\www\test\novel\common.php (11)
in D:\www\test\novel\index.php (11)
2013/10/02 16:43:52 [trace] [system.CModule] Loading "urlManager" application component
in D:\www\test\novel\common.php (13)
in D:\www\test\novel\index.php (11)
2013/10/02 16:43:52 [trace] [system.CModule] Loading "themeManager" application component
in D:\www\test\novel\protected\controllers\InstallController.php (79)
in D:\www\test\novel\common.php (13)
in D:\www\test\novel\index.php (11)
2013/10/02 16:43:52 [trace] [system.CModule] Loading "widgetFactory" application component
in D:\www\test\novel\themes\front\bootstrap\views\layouts\flash-message.php (10)
in D:\www\test\novel\themes\front\bootstrap\views\install\setup.php (48)
in D:\www\test\novel\protected\controllers\InstallController.php (79)
2013/10/02 16:43:52 [trace] [system.CModule] Loading "user" application component
in D:\www\test\novel\protected\extensions\bootstrap\widgets\TbAlert.php (84)
in D:\www\test\novel\themes\front\bootstrap\views\layouts\flash-message.php (10)
in D:\www\test\novel\themes\front\bootstrap\views\install\setup.php (48)
2013/10/02 16:43:52 [trace] [system.CModule] Loading "session" application component
in D:\www\test\novel\protected\extensions\bootstrap\widgets\TbAlert.php (84)
in D:\www\test\novel\themes\front\bootstrap\views\layouts\flash-message.php (10)
in D:\www\test\novel\themes\front\bootstrap\views\install\setup.php (48)
2013/10/02 16:43:52 [trace] [system.CModule] Loading "clientScript" application component
in D:\www\test\novel\protected\extensions\bootstrap\widgets\TbAlert.php (135)
in D:\www\test\novel\themes\front\bootstrap\views\layouts\flash-message.php (10)
in D:\www\test\novel\themes\front\bootstrap\views\install\setup.php (48)
2013/10/02 16:43:53 [trace] [system.CModule] Loading "coreMessages" application component
in D:\www\test\novel\protected\extensions\bootstrap\widgets\TbActiveForm.php (437)
in D:\www\test\novel\protected\extensions\bootstrap\widgets\input\TbInput.php (330)
in D:\www\test\novel\protected\extensions\bootstrap\widgets\input\TbInputHorizontal.php (117)
2013/10/02 16:43:53 [trace] [system.CModule] Loading "bootstrap" application component
in D:\www\test\novel\themes\front\bootstrap\views\layouts\setup.php (12)
in D:\www\test\novel\protected\controllers\InstallController.php (79)
in D:\www\test\novel\common.php (13)
2013/10/02 16:43:53 [trace] [system.CModule] Loading "assetManager" application component
in D:\www\test\novel\protected\extensions\bootstrap\components\Bootstrap.php (306)
in D:\www\test\novel\protected\extensions\bootstrap\components\Bootstrap.php (50)
in D:\www\test\novel\protected\extensions\bootstrap\components\Bootstrap.php (81)
2013/10/02 16:44:10 [trace] [system.CModule] Loading "log" application component
in D:\www\test\novel\common.php (11)
in D:\www\test\novel\index.php (11)
2013/10/02 16:44:10 [trace] [system.CModule] Loading "request" application component
in D:\www\test\novel\common.php (11)
in D:\www\test\novel\index.php (11)
2013/10/02 16:44:10 [trace] [system.CModule] Loading "urlManager" application component
in D:\www\test\novel\common.php (13)
in D:\www\test\novel\index.php (11)
2013/10/02 16:44:10 [trace] [system.db.CDbConnection] Opening DB connection
in D:\www\test\novel\protected\controllers\InstallController.php (44)
in D:\www\test\novel\common.php (13)
in D:\www\test\novel\index.php (11)
2013/10/02 16:44:10 [trace] [system.db.CDbCommand] Executing SQL: -- phpMyAdmin SQL Dump
-- version 3.4.5
-- http://www.phpmyadmin.net
--
-- 主机: localhost
-- 生成日期: 2013 年 10 月 02 日 15:13
-- 服务器版本: 5.5.16
-- PHP 版本: 5.3.8

SET SQL_MODE="NO_AUTO_VALUE_ON_ZERO"
in D:\www\test\novel\protected\controllers\InstallController.php (152)
in D:\www\test\novel\protected\controllers\InstallController.php (57)
in D:\www\test\novel\common.php (13)
2013/10/02 16:44:10 [trace] [system.db.CDbCommand] Executing SQL: SET time_zone = "+00:00"
in D:\www\test\novel\protected\controllers\InstallController.php (152)
in D:\www\test\novel\protected\controllers\InstallController.php (57)
in D:\www\test\novel\common.php (13)
2013/10/02 16:44:10 [trace] [system.db.CDbCommand] Executing SQL: /*!40101 SET @OLD_CHARACTER_SET_CLIENT=@@CHARACTER_SET_CLIENT */
in D:\www\test\novel\protected\controllers\InstallController.php (152)
in D:\www\test\novel\protected\controllers\InstallController.php (57)
in D:\www\test\novel\common.php (13)
2013/10/02 16:44:10 [trace] [system.db.CDbCommand] Executing SQL: /*!40101 SET @OLD_CHARACTER_SET_RESULTS=@@CHARACTER_SET_RESULTS */
in D:\www\test\novel\protected\controllers\InstallController.php (152)
in D:\www\test\novel\protected\controllers\InstallController.php (57)
in D:\www\test\novel\common.php (13)
2013/10/02 16:44:10 [trace] [system.db.CDbCommand] Executing SQL: /*!40101 SET @OLD_COLLATION_CONNECTION=@@COLLATION_CONNECTION */
in D:\www\test\novel\protected\controllers\InstallController.php (152)
in D:\www\test\novel\protected\controllers\InstallController.php (57)
in D:\www\test\novel\common.php (13)
2013/10/02 16:44:10 [trace] [system.db.CDbCommand] Executing SQL: /*!40101 SET NAMES utf8 */
in D:\www\test\novel\protected\controllers\InstallController.php (152)
in D:\www\test\novel\protected\controllers\InstallController.php (57)
in D:\www\test\novel\common.php (13)
2013/10/02 16:44:10 [trace] [system.db.CDbCommand] Executing SQL: --
-- 数据库: `novel`
--

-- --------------------------------------------------------

--
-- 表的结构 `admin`
--

CREATE TABLE IF NOT EXISTS `admin` (
  `id` int(10) NOT NULL AUTO_INCREMENT,
  `username` varchar(32) DEFAULT NULL,
  `password` varchar(32) DEFAULT NULL,
  `realname` varchar(32) DEFAULT NULL,
  `roleid` tinyint(2) DEFAULT NULL,
  `telephone` varchar(32) DEFAULT NULL,
  `qq` varchar(32) DEFAULT NULL,
  `email` varchar(32) DEFAULT NULL,
  `address` varchar(200) DEFAULT NULL,
  `createtime` int(10) DEFAULT NULL,
  `updatetime` int(11) DEFAULT NULL COMMENT '更新时间',
  `lastlogintime` int(10) DEFAULT NULL,
  `status` tinyint(1) DEFAULT NULL,
  `loginhits` int(10) DEFAULT NULL,
  PRIMARY KEY (`id`)
) ENGINE=InnoDB  DEFAULT CHARSET=utf8 AUTO_INCREMENT=1
in D:\www\test\novel\protected\controllers\InstallController.php (152)
in D:\www\test\novel\protected\controllers\InstallController.php (57)
in D:\www\test\novel\common.php (13)
2013/10/02 16:44:10 [trace] [system.db.CDbCommand] Executing SQL: -- --------------------------------------------------------

INSERT INTO `admin` (`id`, `username`, `password`, `realname`, `roleid`, `telephone`, `qq`, `email`, `address`, `createtime`, `updatetime`, `lastlogintime`, `status`, `loginhits`) VALUES
(1, 'admin', '90464b75b6cd4a65d6c832389b09a449', '', 1, '', '', '', '', NULL, 1380713128, 1380713128, 1, 12)
in D:\www\test\novel\protected\controllers\InstallController.php (152)
in D:\www\test\novel\protected\controllers\InstallController.php (57)
in D:\www\test\novel\common.php (13)
2013/10/02 16:44:10 [trace] [system.db.CDbCommand] Executing SQL: --
-- 表的结构 `article`
--

CREATE TABLE IF NOT EXISTS `article` (
  `id` int(10) unsigned NOT NULL AUTO_INCREMENT,
  `title` varchar(100) NOT NULL COMMENT '章节标题',
  `bookid` int(10) NOT NULL COMMENT '章节所属书籍',
  `chapter` smallint(6) DEFAULT NULL COMMENT '所属章节',
  `imgurl` varchar(200) DEFAULT NULL,
  `linkurl` varchar(200) DEFAULT NULL,
  `content` text,
  `tags` varchar(100) DEFAULT NULL,
  `seotitle` varchar(100) DEFAULT NULL,
  `keywords` varchar(100) DEFAULT NULL,
  `createtime` int(10) DEFAULT NULL,
  `updatetime` int(10) DEFAULT NULL,
  `recommendlevel` tinyint(2) DEFAULT '0',
  `hits` int(10) DEFAULT NULL,
  `status` tinyint(1) DEFAULT NULL,
  PRIMARY KEY (`id`)
) ENGINE=InnoDB  DEFAULT CHARSET=utf8 AUTO_INCREMENT=0
in D:\www\test\novel\protected\controllers\InstallController.php (152)
in D:\www\test\novel\protected\controllers\InstallController.php (57)
in D:\www\test\novel\common.php (13)
2013/10/02 16:44:10 [trace] [system.db.CDbCommand] Executing SQL: -- --------------------------------------------------------

--
-- 表的结构 `book`
--

CREATE TABLE IF NOT EXISTS `book` (
  `id` int(10) unsigned NOT NULL AUTO_INCREMENT,
  `title` varchar(100) NOT NULL COMMENT '书名',
  `author` varchar(32) DEFAULT NULL COMMENT '作者',
  `cid` int(10) DEFAULT NULL COMMENT '栏目',
  `imgurl` varchar(200) DEFAULT NULL COMMENT '封面图',
  `linkurl` varchar(200) DEFAULT NULL,
  `summary` varchar(500) DEFAULT NULL COMMENT '简介',
  `tags` varchar(100) DEFAULT NULL COMMENT '标签，以逗号分隔',
  `seotitle` varchar(100) DEFAULT NULL COMMENT 'SEO标题',
  `keywords` varchar(100) DEFAULT NULL,
  `createtime` int(10) DEFAULT NULL,
  `updatetime` int(10) DEFAULT NULL,
  `recommendlevel` tinyint(2) DEFAULT '0' COMMENT '后台推荐等级',
  `hits` int(10) DEFAULT NULL COMMENT '点击数',
  `likenum` int(10) DEFAULT NULL COMMENT '用户推荐数',
  `favoritenum` int(11) DEFAULT NULL COMMENT '收藏数',
  `chaptercount` int(11) DEFAULT NULL COMMENT '章节数',
  `wordcount` int(11) DEFAULT NULL COMMENT '字数',
  `sections` varchar(500) DEFAULT NULL COMMENT '分卷，以换行符分隔',
  `lastchapterid` int(11) DEFAULT NULL COMMENT '最后更新章节编号',
  `lastchaptertitle` varchar(100) DEFAULT NULL COMMENT '最后更新章节名',
  `lastchaptertime` int(11) DEFAULT NULL COMMENT '章节最后更新时间',
  `status` tinyint(1) DEFAULT NULL COMMENT '状态：0 待审 1 审核通过 -1 删除',
  PRIMARY KEY (`id`)
) ENGINE=InnoDB  DEFAULT CHARSET=utf8 AUTO_INCREMENT=0
in D:\www\test\novel\protected\controllers\InstallController.php (152)
in D:\www\test\novel\protected\controllers\InstallController.php (57)
in D:\www\test\novel\common.php (13)
2013/10/02 16:44:10 [trace] [system.db.CDbCommand] Executing SQL: -- --------------------------------------------------------

--
-- 表的结构 `book_view_stats_by_day`
--

CREATE TABLE IF NOT EXISTS `book_view_stats_by_day` (
  `id` int(10) unsigned NOT NULL AUTO_INCREMENT,
  `title` varchar(100) NOT NULL COMMENT '小说标题',
  `bookid` int(11) NOT NULL COMMENT '小说编号',
  `cid` int(11) DEFAULT NULL COMMENT '小说栏目',
  `hits` int(11) NOT NULL COMMENT '点击数',
  `day` date NOT NULL COMMENT '日期',
  PRIMARY KEY (`id`)
) ENGINE=InnoDB  DEFAULT CHARSET=utf8 AUTO_INCREMENT=0
in D:\www\test\novel\protected\controllers\InstallController.php (152)
in D:\www\test\novel\protected\controllers\InstallController.php (57)
in D:\www\test\novel\common.php (13)
2013/10/02 16:44:10 [trace] [system.db.CDbCommand] Executing SQL: -- --------------------------------------------------------

--
-- 表的结构 `book_view_stats_by_month`
--

CREATE TABLE IF NOT EXISTS `book_view_stats_by_month` (
  `id` int(10) unsigned NOT NULL AUTO_INCREMENT,
  `title` varchar(100) NOT NULL COMMENT '小说标题',
  `bookid` int(11) NOT NULL COMMENT '小说编号',
  `cid` int(11) DEFAULT NULL COMMENT '小说栏目',
  `hits` int(11) NOT NULL COMMENT '点击数',
  `month` date NOT NULL COMMENT '日期，年月',
  PRIMARY KEY (`id`)
) ENGINE=InnoDB  DEFAULT CHARSET=utf8 AUTO_INCREMENT=0
in D:\www\test\novel\protected\controllers\InstallController.php (152)
in D:\www\test\novel\protected\controllers\InstallController.php (57)
in D:\www\test\novel\common.php (13)
2013/10/02 16:44:10 [trace] [system.db.CDbCommand] Executing SQL: -- --------------------------------------------------------

--
-- 表的结构 `book_view_stats_by_week`
--

CREATE TABLE IF NOT EXISTS `book_view_stats_by_week` (
  `id` int(10) unsigned NOT NULL AUTO_INCREMENT,
  `title` varchar(100) NOT NULL COMMENT '小说标题',
  `bookid` int(11) NOT NULL COMMENT '小说编号',
  `cid` int(11) DEFAULT NULL COMMENT '小说栏目',
  `hits` int(11) NOT NULL COMMENT '点击数',
  `year` year(4) NOT NULL COMMENT '当年年份',
  `week` tinyint(4) NOT NULL COMMENT '当年第几周',
  PRIMARY KEY (`id`)
) ENGINE=InnoDB  DEFAULT CHARSET=utf8 AUTO_INCREMENT=0
in D:\www\test\novel\protected\controllers\InstallController.php (152)
in D:\www\test\novel\protected\controllers\InstallController.php (57)
in D:\www\test\novel\common.php (13)
2013/10/02 16:44:10 [trace] [system.db.CDbCommand] Executing SQL: -- --------------------------------------------------------

--
-- 表的结构 `category`
--

CREATE TABLE IF NOT EXISTS `category` (
  `id` int(10) unsigned NOT NULL AUTO_INCREMENT,
  `title` varchar(100) NOT NULL,
  `shorttitle` varchar(100) DEFAULT NULL COMMENT '英文、拼音名称',
  `parentid` int(10) DEFAULT NULL,
  `type` tinyint(1) DEFAULT NULL,
  `imgurl` varchar(200) DEFAULT NULL,
  `seotitle` varchar(100) DEFAULT NULL,
  `keywords` varchar(100) DEFAULT NULL,
  `description` text,
  `createtime` int(10) NOT NULL COMMENT '创建时间',
  `updatetime` int(10) NOT NULL COMMENT '更新时间',
  `isnav` tinyint(1) DEFAULT '0' COMMENT '是否显示在导航上，0 不显示 1 显示',
  `sort` tinyint(2) DEFAULT '0',
  `status` tinyint(1) DEFAULT NULL,
  PRIMARY KEY (`id`)
) ENGINE=InnoDB  DEFAULT CHARSET=utf8 AUTO_INCREMENT=0
in D:\www\test\novel\protected\controllers\InstallController.php (152)
in D:\www\test\novel\protected\controllers\InstallController.php (57)
in D:\www\test\novel\common.php (13)
2013/10/02 16:44:10 [trace] [system.db.CDbCommand] Executing SQL: -- --------------------------------------------------------

--
-- 表的结构 `user`
--

CREATE TABLE IF NOT EXISTS `user` (
  `id` int(10) NOT NULL AUTO_INCREMENT,
  `username` varchar(30) NOT NULL,
  `password` varchar(32) NOT NULL,
  `realname` varchar(30) DEFAULT NULL,
  `roleid` tinyint(2) DEFAULT NULL,
  `telephone` varchar(32) DEFAULT NULL,
  `qq` varchar(32) DEFAULT NULL,
  `email` varchar(32) DEFAULT NULL,
  `address` varchar(200) DEFAULT NULL,
  `createtime` int(10) DEFAULT NULL,
  `updatetime` int(11) DEFAULT NULL COMMENT '更新时间',
  `lastlogintime` int(10) DEFAULT NULL,
  `loginhits` int(10) DEFAULT NULL,
  `status` tinyint(1) DEFAULT NULL,
  PRIMARY KEY (`id`)
) ENGINE=InnoDB  DEFAULT CHARSET=utf8 AUTO_INCREMENT=0
in D:\www\test\novel\protected\controllers\InstallController.php (152)
in D:\www\test\novel\protected\controllers\InstallController.php (57)
in D:\www\test\novel\common.php (13)
2013/10/02 16:44:10 [trace] [system.db.CDbCommand] Executing SQL: -- --------------------------------------------------------

--
-- 表的结构 `user_book_favorites`
--

CREATE TABLE IF NOT EXISTS `user_book_favorites` (
  `id` int(10) unsigned NOT NULL AUTO_INCREMENT,
  `type` tinyint(4) NOT NULL DEFAULT '0' COMMENT '0： 收藏 1：推荐',
  `title` varchar(100) NOT NULL COMMENT '小说名称',
  `bookid` int(10) NOT NULL COMMENT '小说编号',
  `createtime` int(10) DEFAULT NULL,
  `updatetime` int(10) DEFAULT NULL,
  `status` tinyint(1) DEFAULT NULL,
  PRIMARY KEY (`id`)
) ENGINE=InnoDB  DEFAULT CHARSET=utf8 AUTO_INCREMENT=0
in D:\www\test\novel\protected\controllers\InstallController.php (152)
in D:\www\test\novel\protected\controllers\InstallController.php (57)
in D:\www\test\novel\common.php (13)
2013/10/02 16:44:10 [trace] [system.db.CDbCommand] Executing SQL: /*!40101 SET CHARACTER_SET_CLIENT=@OLD_CHARACTER_SET_CLIENT */
in D:\www\test\novel\protected\controllers\InstallController.php (152)
in D:\www\test\novel\protected\controllers\InstallController.php (57)
in D:\www\test\novel\common.php (13)
2013/10/02 16:44:10 [trace] [system.db.CDbCommand] Executing SQL: /*!40101 SET CHARACTER_SET_RESULTS=@OLD_CHARACTER_SET_RESULTS */
in D:\www\test\novel\protected\controllers\InstallController.php (152)
in D:\www\test\novel\protected\controllers\InstallController.php (57)
in D:\www\test\novel\common.php (13)
2013/10/02 16:44:10 [trace] [system.db.CDbCommand] Executing SQL: /*!40101 SET COLLATION_CONNECTION=@OLD_COLLATION_CONNECTION */
in D:\www\test\novel\protected\controllers\InstallController.php (152)
in D:\www\test\novel\protected\controllers\InstallController.php (57)
in D:\www\test\novel\common.php (13)
2013/10/02 16:44:10 [trace] [system.db.CDbConnection] Closing DB connection
in D:\www\test\novel\protected\controllers\InstallController.php (62)
in D:\www\test\novel\common.php (13)
in D:\www\test\novel\index.php (11)
2013/10/02 16:44:10 [trace] [system.CModule] Loading "user" application component
in D:\www\test\novel\protected\controllers\InstallController.php (66)
in D:\www\test\novel\common.php (13)
in D:\www\test\novel\index.php (11)
2013/10/02 16:44:10 [trace] [system.CModule] Loading "session" application component
in D:\www\test\novel\protected\controllers\InstallController.php (66)
in D:\www\test\novel\common.php (13)
in D:\www\test\novel\index.php (11)
2013/10/02 16:44:10 [trace] [system.CModule] Loading "log" application component
in D:\www\test\novel\common.php (11)
in D:\www\test\novel\index.php (11)
2013/10/02 16:44:10 [trace] [system.CModule] Loading "request" application component
in D:\www\test\novel\common.php (11)
in D:\www\test\novel\index.php (11)
2013/10/02 16:44:10 [trace] [system.CModule] Loading "urlManager" application component
in D:\www\test\novel\common.php (13)
in D:\www\test\novel\index.php (11)
2013/10/02 16:44:10 [trace] [system.CModule] Loading "themeManager" application component
in D:\www\test\novel\protected\controllers\InstallController.php (87)
in D:\www\test\novel\common.php (13)
in D:\www\test\novel\index.php (11)
2013/10/02 16:44:10 [trace] [system.CModule] Loading "widgetFactory" application component
in D:\www\test\novel\themes\front\bootstrap\views\layouts\flash-message.php (10)
in D:\www\test\novel\themes\front\bootstrap\views\install\finish.php (48)
in D:\www\test\novel\protected\controllers\InstallController.php (87)
2013/10/02 16:44:10 [trace] [system.CModule] Loading "user" application component
in D:\www\test\novel\protected\extensions\bootstrap\widgets\TbAlert.php (84)
in D:\www\test\novel\themes\front\bootstrap\views\layouts\flash-message.php (10)
in D:\www\test\novel\themes\front\bootstrap\views\install\finish.php (48)
2013/10/02 16:44:10 [trace] [system.CModule] Loading "session" application component
in D:\www\test\novel\protected\extensions\bootstrap\widgets\TbAlert.php (84)
in D:\www\test\novel\themes\front\bootstrap\views\layouts\flash-message.php (10)
in D:\www\test\novel\themes\front\bootstrap\views\install\finish.php (48)
2013/10/02 16:44:10 [trace] [system.CModule] Loading "clientScript" application component
in D:\www\test\novel\protected\extensions\bootstrap\widgets\TbAlert.php (135)
in D:\www\test\novel\themes\front\bootstrap\views\layouts\flash-message.php (10)
in D:\www\test\novel\themes\front\bootstrap\views\install\finish.php (48)
2013/10/02 16:44:10 [trace] [system.CModule] Loading "bootstrap" application component
in D:\www\test\novel\themes\front\bootstrap\views\layouts\setup.php (12)
in D:\www\test\novel\protected\controllers\InstallController.php (87)
in D:\www\test\novel\common.php (13)
2013/10/02 16:44:10 [trace] [system.CModule] Loading "assetManager" application component
in D:\www\test\novel\protected\extensions\bootstrap\components\Bootstrap.php (306)
in D:\www\test\novel\protected\extensions\bootstrap\components\Bootstrap.php (50)
in D:\www\test\novel\protected\extensions\bootstrap\components\Bootstrap.php (81)
2013/10/02 16:44:12 [trace] [system.CModule] Loading "log" application component
in D:\www\test\novel\common.php (11)
in D:\www\test\novel\index.php (11)
2013/10/02 16:44:12 [trace] [system.CModule] Loading "request" application component
in D:\www\test\novel\common.php (11)
in D:\www\test\novel\index.php (11)
2013/10/02 16:44:12 [trace] [system.CModule] Loading "urlManager" application component
in D:\www\test\novel\common.php (13)
in D:\www\test\novel\index.php (11)
2013/10/02 16:44:12 [trace] [system.CModule] Loading "db" application component
in D:\www\test\novel\protected\models\Book.php (38)
in D:\www\test\novel\protected\controllers\SiteController.php (28)
in D:\www\test\novel\common.php (13)
2013/10/02 16:44:12 [trace] [system.db.CDbConnection] Opening DB connection
in D:\www\test\novel\protected\models\Book.php (38)
in D:\www\test\novel\protected\controllers\SiteController.php (28)
in D:\www\test\novel\common.php (13)
2013/10/02 16:44:12 [trace] [system.db.CDbCommand] Querying SQL: SHOW FULL COLUMNS FROM `book`
in D:\www\test\novel\protected\models\Book.php (38)
in D:\www\test\novel\protected\controllers\SiteController.php (28)
in D:\www\test\novel\common.php (13)
2013/10/02 16:44:12 [trace] [system.db.CDbCommand] Querying SQL: SHOW CREATE TABLE `book`
in D:\www\test\novel\protected\models\Book.php (38)
in D:\www\test\novel\protected\controllers\SiteController.php (28)
in D:\www\test\novel\common.php (13)
2013/10/02 16:44:12 [trace] [system.db.CDbCommand] Querying SQL: SHOW FULL COLUMNS FROM `book_view_stats_by_day`
in D:\www\test\novel\protected\models\BookViewStatsByDay.php (25)
in D:\www\test\novel\protected\controllers\SiteController.php (29)
in D:\www\test\novel\common.php (13)
2013/10/02 16:44:12 [trace] [system.db.CDbCommand] Querying SQL: SHOW CREATE TABLE `book_view_stats_by_day`
in D:\www\test\novel\protected\models\BookViewStatsByDay.php (25)
in D:\www\test\novel\protected\controllers\SiteController.php (29)
in D:\www\test\novel\common.php (13)
2013/10/02 16:44:12 [trace] [system.db.CDbCommand] Querying SQL: SHOW FULL COLUMNS FROM `book_view_stats_by_week`
in D:\www\test\novel\protected\models\BookViewStatsByWeek.php (24)
in D:\www\test\novel\protected\controllers\SiteController.php (30)
in D:\www\test\novel\common.php (13)
2013/10/02 16:44:12 [trace] [system.db.CDbCommand] Querying SQL: SHOW CREATE TABLE `book_view_stats_by_week`
in D:\www\test\novel\protected\models\BookViewStatsByWeek.php (24)
in D:\www\test\novel\protected\controllers\SiteController.php (30)
in D:\www\test\novel\common.php (13)
2013/10/02 16:44:12 [trace] [system.db.CDbCommand] Querying SQL: SHOW FULL COLUMNS FROM `book_view_stats_by_month`
in D:\www\test\novel\protected\models\BookViewStatsByMonth.php (23)
in D:\www\test\novel\protected\controllers\SiteController.php (31)
in D:\www\test\novel\common.php (13)
2013/10/02 16:44:12 [trace] [system.db.CDbCommand] Querying SQL: SHOW CREATE TABLE `book_view_stats_by_month`
in D:\www\test\novel\protected\models\BookViewStatsByMonth.php (23)
in D:\www\test\novel\protected\controllers\SiteController.php (31)
in D:\www\test\novel\common.php (13)
2013/10/02 16:44:12 [trace] [system.CModule] Loading "themeManager" application component
in D:\www\test\novel\protected\controllers\SiteController.php (39)
in D:\www\test\novel\common.php (13)
in D:\www\test\novel\index.php (11)
2013/10/02 16:44:12 [trace] [system.CModule] Loading "widgetFactory" application component
in D:\www\test\novel\themes\front\bootstrap\views\site\index.php (25)
in D:\www\test\novel\protected\controllers\SiteController.php (39)
in D:\www\test\novel\common.php (13)
2013/10/02 16:44:12 [trace] [system.db.ar.CActiveRecord] Book.count()
in D:\www\test\novel\themes\front\bootstrap\views\site\index.php (25)
in D:\www\test\novel\protected\controllers\SiteController.php (39)
in D:\www\test\novel\common.php (13)
2013/10/02 16:44:13 [trace] [system.db.CDbCommand] Querying SQL: SELECT COUNT(*) FROM `book` `t` WHERE (status=:ycp0) AND (recommendlevel=:ycp1)
in D:\www\test\novel\themes\front\bootstrap\views\site\index.php (25)
in D:\www\test\novel\protected\controllers\SiteController.php (39)
in D:\www\test\novel\common.php (13)
2013/10/02 16:44:13 [trace] [system.db.ar.CActiveRecord] Book.findAll()
in D:\www\test\novel\themes\front\bootstrap\views\site\index.php (25)
in D:\www\test\novel\protected\controllers\SiteController.php (39)
in D:\www\test\novel\common.php (13)
2013/10/02 16:44:13 [trace] [system.db.CDbCommand] Querying SQL: SELECT * FROM `book` `t` WHERE (status=:ycp0) AND (recommendlevel=:ycp1) ORDER BY createtime desc LIMIT 10
in D:\www\test\novel\themes\front\bootstrap\views\site\index.php (25)
in D:\www\test\novel\protected\controllers\SiteController.php (39)
in D:\www\test\novel\common.php (13)
2013/10/02 16:44:13 [trace] [system.CModule] Loading "assetManager" application component
in D:\www\test\novel\themes\front\bootstrap\views\site\index.php (25)
in D:\www\test\novel\protected\controllers\SiteController.php (39)
in D:\www\test\novel\common.php (13)
2013/10/02 16:44:13 [trace] [system.CModule] Loading "clientScript" application component
in D:\www\test\novel\themes\front\bootstrap\views\site\index.php (25)
in D:\www\test\novel\protected\controllers\SiteController.php (39)
in D:\www\test\novel\common.php (13)
2013/10/02 16:44:13 [trace] [system.CModule] Loading "coreMessages" application component
in D:\www\test\novel\protected\extensions\bootstrap\widgets\TbThumbnails.php (46)
in D:\www\test\novel\themes\front\bootstrap\views\site\index.php (25)
in D:\www\test\novel\protected\controllers\SiteController.php (39)
2013/10/02 16:44:13 [trace] [system.db.ar.CActiveRecord] Book.count()
in D:\www\test\novel\themes\front\bootstrap\views\site\index.php (33)
in D:\www\test\novel\protected\controllers\SiteController.php (39)
in D:\www\test\novel\common.php (13)
2013/10/02 16:44:13 [trace] [system.db.CDbCommand] Querying SQL: SELECT COUNT(*) FROM `book` `t` WHERE status=:ycp2
in D:\www\test\novel\themes\front\bootstrap\views\site\index.php (33)
in D:\www\test\novel\protected\controllers\SiteController.php (39)
in D:\www\test\novel\common.php (13)
2013/10/02 16:44:13 [trace] [system.db.ar.CActiveRecord] Book.findAll()
in D:\www\test\novel\themes\front\bootstrap\views\site\index.php (33)
in D:\www\test\novel\protected\controllers\SiteController.php (39)
in D:\www\test\novel\common.php (13)
2013/10/02 16:44:13 [trace] [system.db.CDbCommand] Querying SQL: SELECT * FROM `book` `t` WHERE status=:ycp2 ORDER BY createtime,updatetime desc LIMIT 10
in D:\www\test\novel\themes\front\bootstrap\views\site\index.php (33)
in D:\www\test\novel\protected\controllers\SiteController.php (39)
in D:\www\test\novel\common.php (13)
2013/10/02 16:44:13 [trace] [system.db.ar.CActiveRecord] Book.count()
in D:\www\test\novel\protected\extensions\bootstrap\widgets\TbGridView.php (49)
in D:\www\test\novel\themes\front\bootstrap\views\site\index.php (80)
in D:\www\test\novel\protected\controllers\SiteController.php (39)
2013/10/02 16:44:13 [trace] [system.db.CDbCommand] Querying SQL: SELECT COUNT(*) FROM `book` `t` WHERE status=:ycp3
in D:\www\test\novel\protected\extensions\bootstrap\widgets\TbGridView.php (49)
in D:\www\test\novel\themes\front\bootstrap\views\site\index.php (80)
in D:\www\test\novel\protected\controllers\SiteController.php (39)
2013/10/02 16:44:13 [trace] [system.db.ar.CActiveRecord] Book.findAll()
in D:\www\test\novel\protected\extensions\bootstrap\widgets\TbGridView.php (49)
in D:\www\test\novel\themes\front\bootstrap\views\site\index.php (80)
in D:\www\test\novel\protected\controllers\SiteController.php (39)
2013/10/02 16:44:13 [trace] [system.db.CDbCommand] Querying SQL: SELECT * FROM `book` `t` WHERE status=:ycp3 ORDER BY lastchaptertime desc LIMIT 100
in D:\www\test\novel\protected\extensions\bootstrap\widgets\TbGridView.php (49)
in D:\www\test\novel\themes\front\bootstrap\views\site\index.php (80)
in D:\www\test\novel\protected\controllers\SiteController.php (39)
2013/10/02 16:44:13 [trace] [system.db.ar.CActiveRecord] BookViewStatsByDay.count()
in D:\www\test\novel\themes\front\bootstrap\views\site\index.php (99)
in D:\www\test\novel\protected\controllers\SiteController.php (39)
in D:\www\test\novel\common.php (13)
2013/10/02 16:44:13 [trace] [system.db.CDbCommand] Querying SQL: SELECT COUNT(*) FROM `book_view_stats_by_day` `t` WHERE day=:ycp4
in D:\www\test\novel\themes\front\bootstrap\views\site\index.php (99)
in D:\www\test\novel\protected\controllers\SiteController.php (39)
in D:\www\test\novel\common.php (13)
2013/10/02 16:44:13 [trace] [system.db.ar.CActiveRecord] BookViewStatsByDay.findAll()
in D:\www\test\novel\themes\front\bootstrap\views\site\index.php (99)
in D:\www\test\novel\protected\controllers\SiteController.php (39)
in D:\www\test\novel\common.php (13)
2013/10/02 16:44:13 [trace] [system.db.CDbCommand] Querying SQL: SELECT * FROM `book_view_stats_by_day` `t` WHERE day=:ycp4 ORDER BY hits desc LIMIT 4
in D:\www\test\novel\themes\front\bootstrap\views\site\index.php (99)
in D:\www\test\novel\protected\controllers\SiteController.php (39)
in D:\www\test\novel\common.php (13)
2013/10/02 16:44:13 [trace] [system.db.ar.CActiveRecord] BookViewStatsByWeek.count()
in D:\www\test\novel\themes\front\bootstrap\views\site\index.php (108)
in D:\www\test\novel\protected\controllers\SiteController.php (39)
in D:\www\test\novel\common.php (13)
2013/10/02 16:44:13 [trace] [system.db.CDbCommand] Querying SQL: SELECT COUNT(*) FROM `book_view_stats_by_week` `t` WHERE (year=:ycp5) AND (week=:ycp6)
in D:\www\test\novel\themes\front\bootstrap\views\site\index.php (108)
in D:\www\test\novel\protected\controllers\SiteController.php (39)
in D:\www\test\novel\common.php (13)
2013/10/02 16:44:13 [trace] [system.db.ar.CActiveRecord] BookViewStatsByWeek.findAll()
in D:\www\test\novel\themes\front\bootstrap\views\site\index.php (108)
in D:\www\test\novel\protected\controllers\SiteController.php (39)
in D:\www\test\novel\common.php (13)
2013/10/02 16:44:13 [trace] [system.db.CDbCommand] Querying SQL: SELECT * FROM `book_view_stats_by_week` `t` WHERE (year=:ycp5) AND (week=:ycp6) ORDER BY hits desc LIMIT 4
in D:\www\test\novel\themes\front\bootstrap\views\site\index.php (108)
in D:\www\test\novel\protected\controllers\SiteController.php (39)
in D:\www\test\novel\common.php (13)
2013/10/02 16:44:13 [trace] [system.db.ar.CActiveRecord] BookViewStatsByMonth.count()
in D:\www\test\novel\themes\front\bootstrap\views\site\index.php (117)
in D:\www\test\novel\protected\controllers\SiteController.php (39)
in D:\www\test\novel\common.php (13)
2013/10/02 16:44:13 [trace] [system.db.CDbCommand] Querying SQL: SELECT COUNT(*) FROM `book_view_stats_by_month` `t` WHERE month=:ycp7
in D:\www\test\novel\themes\front\bootstrap\views\site\index.php (117)
in D:\www\test\novel\protected\controllers\SiteController.php (39)
in D:\www\test\novel\common.php (13)
2013/10/02 16:44:13 [trace] [system.db.ar.CActiveRecord] BookViewStatsByMonth.findAll()
in D:\www\test\novel\themes\front\bootstrap\views\site\index.php (117)
in D:\www\test\novel\protected\controllers\SiteController.php (39)
in D:\www\test\novel\common.php (13)
2013/10/02 16:44:13 [trace] [system.db.CDbCommand] Querying SQL: SELECT * FROM `book_view_stats_by_month` `t` WHERE month=:ycp7 ORDER BY hits desc LIMIT 4
in D:\www\test\novel\themes\front\bootstrap\views\site\index.php (117)
in D:\www\test\novel\protected\controllers\SiteController.php (39)
in D:\www\test\novel\common.php (13)
2013/10/02 16:44:13 [trace] [system.CModule] Loading "bootstrap" application component
in D:\www\test\novel\themes\front\bootstrap\views\layouts\main.php (12)
in D:\www\test\novel\protected\controllers\SiteController.php (39)
in D:\www\test\novel\common.php (13)
2013/10/02 16:44:13 [trace] [system.db.CDbCommand] Querying SQL: SHOW FULL COLUMNS FROM `category`
in D:\www\test\novel\protected\models\Category.php (29)
in D:\www\test\novel\protected\models\Category.php (180)
in D:\www\test\novel\themes\front\bootstrap\views\layouts\main.php (18)
2013/10/02 16:44:13 [trace] [system.db.CDbCommand] Querying SQL: SHOW CREATE TABLE `category`
in D:\www\test\novel\protected\models\Category.php (29)
in D:\www\test\novel\protected\models\Category.php (180)
in D:\www\test\novel\themes\front\bootstrap\views\layouts\main.php (18)
2013/10/02 16:44:13 [trace] [system.db.ar.CActiveRecord] Category.findAll()
in D:\www\test\novel\protected\models\Category.php (180)
in D:\www\test\novel\themes\front\bootstrap\views\layouts\main.php (18)
in D:\www\test\novel\protected\controllers\SiteController.php (39)
2013/10/02 16:44:13 [trace] [system.db.CDbCommand] Querying SQL: SELECT id,title,shorttitle FROM `category` `t` WHERE (status=:ycp8) AND (isnav=:ycp9) ORDER BY sort desc
in D:\www\test\novel\protected\models\Category.php (180)
in D:\www\test\novel\themes\front\bootstrap\views\layouts\main.php (18)
in D:\www\test\novel\protected\controllers\SiteController.php (39)
2013/10/02 16:44:13 [trace] [system.CModule] Loading "user" application component
in D:\www\test\novel\themes\front\bootstrap\views\layouts\main.php (32)
in D:\www\test\novel\protected\controllers\SiteController.php (39)
in D:\www\test\novel\common.php (13)
2013/10/02 16:44:13 [trace] [system.CModule] Loading "session" application component
in D:\www\test\novel\themes\front\bootstrap\views\layouts\main.php (32)
in D:\www\test\novel\protected\controllers\SiteController.php (39)
in D:\www\test\novel\common.php (13)
2013/10/02 16:44:18 [trace] [system.CModule] Loading "log" application component
in D:\www\test\novel\common.php (11)
in D:\www\test\novel\index.php (11)
2013/10/02 16:44:18 [trace] [system.CModule] Loading "request" application component
in D:\www\test\novel\common.php (11)
in D:\www\test\novel\index.php (11)
2013/10/02 16:44:18 [trace] [system.CModule] Loading "urlManager" application component
in D:\www\test\novel\common.php (13)
in D:\www\test\novel\index.php (11)
2013/10/02 16:44:18 [trace] [system.CModule] Loading "user" application component
in D:\www\test\novel\protected\controllers\SiteController.php (47)
in D:\www\test\novel\common.php (13)
in D:\www\test\novel\index.php (11)
2013/10/02 16:44:18 [trace] [system.CModule] Loading "session" application component
in D:\www\test\novel\protected\controllers\SiteController.php (47)
in D:\www\test\novel\common.php (13)
in D:\www\test\novel\index.php (11)
2013/10/02 16:44:18 [trace] [system.CModule] Loading "themeManager" application component
in D:\www\test\novel\protected\controllers\SiteController.php (73)
in D:\www\test\novel\common.php (13)
in D:\www\test\novel\index.php (11)
2013/10/02 16:44:18 [trace] [system.CModule] Loading "widgetFactory" application component
in D:\www\test\novel\themes\front\bootstrap\views\layouts\flash-message.php (10)
in D:\www\test\novel\themes\front\bootstrap\views\site\login.php (48)
in D:\www\test\novel\protected\controllers\SiteController.php (73)
2013/10/02 16:44:18 [trace] [system.CModule] Loading "clientScript" application component
in D:\www\test\novel\protected\extensions\bootstrap\widgets\TbAlert.php (135)
in D:\www\test\novel\themes\front\bootstrap\views\layouts\flash-message.php (10)
in D:\www\test\novel\themes\front\bootstrap\views\site\login.php (48)
2013/10/02 16:44:18 [trace] [system.CModule] Loading "coreMessages" application component
in D:\www\test\novel\protected\extensions\bootstrap\widgets\TbActiveForm.php (437)
in D:\www\test\novel\protected\extensions\bootstrap\widgets\input\TbInput.php (330)
in D:\www\test\novel\protected\extensions\bootstrap\widgets\input\TbInputHorizontal.php (183)
2013/10/02 16:44:18 [trace] [system.CModule] Loading "bootstrap" application component
in D:\www\test\novel\themes\front\bootstrap\views\layouts\main.php (12)
in D:\www\test\novel\protected\controllers\SiteController.php (73)
in D:\www\test\novel\common.php (13)
2013/10/02 16:44:18 [trace] [system.CModule] Loading "assetManager" application component
in D:\www\test\novel\protected\extensions\bootstrap\components\Bootstrap.php (306)
in D:\www\test\novel\protected\extensions\bootstrap\components\Bootstrap.php (50)
in D:\www\test\novel\protected\extensions\bootstrap\components\Bootstrap.php (81)
2013/10/02 16:44:18 [trace] [system.CModule] Loading "db" application component
in D:\www\test\novel\protected\models\Category.php (29)
in D:\www\test\novel\protected\models\Category.php (180)
in D:\www\test\novel\themes\front\bootstrap\views\layouts\main.php (18)
2013/10/02 16:44:18 [trace] [system.db.CDbConnection] Opening DB connection
in D:\www\test\novel\protected\models\Category.php (29)
in D:\www\test\novel\protected\models\Category.php (180)
in D:\www\test\novel\themes\front\bootstrap\views\layouts\main.php (18)
2013/10/02 16:44:18 [trace] [system.db.CDbCommand] Querying SQL: SHOW FULL COLUMNS FROM `category`
in D:\www\test\novel\protected\models\Category.php (29)
in D:\www\test\novel\protected\models\Category.php (180)
in D:\www\test\novel\themes\front\bootstrap\views\layouts\main.php (18)
2013/10/02 16:44:18 [trace] [system.db.CDbCommand] Querying SQL: SHOW CREATE TABLE `category`
in D:\www\test\novel\protected\models\Category.php (29)
in D:\www\test\novel\protected\models\Category.php (180)
in D:\www\test\novel\themes\front\bootstrap\views\layouts\main.php (18)
2013/10/02 16:44:18 [trace] [system.db.ar.CActiveRecord] Category.findAll()
in D:\www\test\novel\protected\models\Category.php (180)
in D:\www\test\novel\themes\front\bootstrap\views\layouts\main.php (18)
in D:\www\test\novel\protected\controllers\SiteController.php (73)
2013/10/02 16:44:18 [trace] [system.db.CDbCommand] Querying SQL: SELECT id,title,shorttitle FROM `category` `t` WHERE (status=:ycp0) AND (isnav=:ycp1) ORDER BY sort desc
in D:\www\test\novel\protected\models\Category.php (180)
in D:\www\test\novel\themes\front\bootstrap\views\layouts\main.php (18)
in D:\www\test\novel\protected\controllers\SiteController.php (73)
2013/10/02 16:44:18 [trace] [system.CModule] Loading "log" application component
in D:\www\test\novel\common.php (11)
in D:\www\test\novel\index.php (11)
2013/10/02 16:44:18 [trace] [system.CModule] Loading "request" application component
in D:\www\test\novel\common.php (11)
in D:\www\test\novel\index.php (11)
2013/10/02 16:44:18 [trace] [system.CModule] Loading "urlManager" application component
in D:\www\test\novel\common.php (13)
in D:\www\test\novel\index.php (11)
2013/10/02 16:44:18 [trace] [system.CModule] Loading "session" application component
in D:\www\test\novel\common.php (13)
in D:\www\test\novel\index.php (11)
2013/10/02 16:44:21 [trace] [system.CModule] Loading "log" application component
in D:\www\test\novel\common.php (11)
in D:\www\test\novel\index.php (11)
2013/10/02 16:44:21 [trace] [system.CModule] Loading "request" application component
in D:\www\test\novel\common.php (11)
in D:\www\test\novel\index.php (11)
2013/10/02 16:44:21 [trace] [system.CModule] Loading "urlManager" application component
in D:\www\test\novel\common.php (13)
in D:\www\test\novel\index.php (11)
2013/10/02 16:44:21 [trace] [system.CModule] Loading "themeManager" application component
in D:\www\test\novel\protected\controllers\SiteController.php (118)
in D:\www\test\novel\common.php (13)
in D:\www\test\novel\index.php (11)
2013/10/02 16:44:21 [trace] [system.CModule] Loading "widgetFactory" application component
in D:\www\test\novel\themes\front\bootstrap\views\layouts\flash-message.php (10)
in D:\www\test\novel\themes\front\bootstrap\views\site\register.php (48)
in D:\www\test\novel\protected\controllers\SiteController.php (118)
2013/10/02 16:44:21 [trace] [system.CModule] Loading "user" application component
in D:\www\test\novel\protected\extensions\bootstrap\widgets\TbAlert.php (84)
in D:\www\test\novel\themes\front\bootstrap\views\layouts\flash-message.php (10)
in D:\www\test\novel\themes\front\bootstrap\views\site\register.php (48)
2013/10/02 16:44:21 [trace] [system.CModule] Loading "session" application component
in D:\www\test\novel\protected\extensions\bootstrap\widgets\TbAlert.php (84)
in D:\www\test\novel\themes\front\bootstrap\views\layouts\flash-message.php (10)
in D:\www\test\novel\themes\front\bootstrap\views\site\register.php (48)
2013/10/02 16:44:21 [trace] [system.CModule] Loading "clientScript" application component
in D:\www\test\novel\protected\extensions\bootstrap\widgets\TbAlert.php (135)
in D:\www\test\novel\themes\front\bootstrap\views\layouts\flash-message.php (10)
in D:\www\test\novel\themes\front\bootstrap\views\site\register.php (48)
2013/10/02 16:44:21 [trace] [system.CModule] Loading "coreMessages" application component
in D:\www\test\novel\protected\extensions\bootstrap\widgets\TbActiveForm.php (437)
in D:\www\test\novel\protected\extensions\bootstrap\widgets\input\TbInput.php (330)
in D:\www\test\novel\protected\extensions\bootstrap\widgets\input\TbInputHorizontal.php (183)
2013/10/02 16:44:21 [trace] [system.CModule] Loading "bootstrap" application component
in D:\www\test\novel\themes\front\bootstrap\views\layouts\main.php (12)
in D:\www\test\novel\protected\controllers\SiteController.php (118)
in D:\www\test\novel\common.php (13)
2013/10/02 16:44:21 [trace] [system.CModule] Loading "assetManager" application component
in D:\www\test\novel\protected\extensions\bootstrap\components\Bootstrap.php (306)
in D:\www\test\novel\protected\extensions\bootstrap\components\Bootstrap.php (50)
in D:\www\test\novel\protected\extensions\bootstrap\components\Bootstrap.php (81)
2013/10/02 16:44:21 [trace] [system.CModule] Loading "db" application component
in D:\www\test\novel\protected\models\Category.php (29)
in D:\www\test\novel\protected\models\Category.php (180)
in D:\www\test\novel\themes\front\bootstrap\views\layouts\main.php (18)
2013/10/02 16:44:21 [trace] [system.db.CDbConnection] Opening DB connection
in D:\www\test\novel\protected\models\Category.php (29)
in D:\www\test\novel\protected\models\Category.php (180)
in D:\www\test\novel\themes\front\bootstrap\views\layouts\main.php (18)
2013/10/02 16:44:21 [trace] [system.db.CDbCommand] Querying SQL: SHOW FULL COLUMNS FROM `category`
in D:\www\test\novel\protected\models\Category.php (29)
in D:\www\test\novel\protected\models\Category.php (180)
in D:\www\test\novel\themes\front\bootstrap\views\layouts\main.php (18)
2013/10/02 16:44:21 [trace] [system.db.CDbCommand] Querying SQL: SHOW CREATE TABLE `category`
in D:\www\test\novel\protected\models\Category.php (29)
in D:\www\test\novel\protected\models\Category.php (180)
in D:\www\test\novel\themes\front\bootstrap\views\layouts\main.php (18)
2013/10/02 16:44:21 [trace] [system.db.ar.CActiveRecord] Category.findAll()
in D:\www\test\novel\protected\models\Category.php (180)
in D:\www\test\novel\themes\front\bootstrap\views\layouts\main.php (18)
in D:\www\test\novel\protected\controllers\SiteController.php (118)
2013/10/02 16:44:21 [trace] [system.db.CDbCommand] Querying SQL: SELECT id,title,shorttitle FROM `category` `t` WHERE (status=:ycp0) AND (isnav=:ycp1) ORDER BY sort desc
in D:\www\test\novel\protected\models\Category.php (180)
in D:\www\test\novel\themes\front\bootstrap\views\layouts\main.php (18)
in D:\www\test\novel\protected\controllers\SiteController.php (118)
2013/10/02 16:44:21 [trace] [system.CModule] Loading "log" application component
in D:\www\test\novel\common.php (11)
in D:\www\test\novel\index.php (11)
2013/10/02 16:44:21 [trace] [system.CModule] Loading "request" application component
in D:\www\test\novel\common.php (11)
in D:\www\test\novel\index.php (11)
2013/10/02 16:44:21 [trace] [system.CModule] Loading "urlManager" application component
in D:\www\test\novel\common.php (13)
in D:\www\test\novel\index.php (11)
2013/10/02 16:44:21 [trace] [system.CModule] Loading "session" application component
in D:\www\test\novel\common.php (13)
in D:\www\test\novel\index.php (11)
2013/10/02 16:44:24 [trace] [system.CModule] Loading "log" application component
in D:\www\test\novel\common.php (11)
in D:\www\test\novel\index.php (11)
2013/10/02 16:44:24 [trace] [system.CModule] Loading "request" application component
in D:\www\test\novel\common.php (11)
in D:\www\test\novel\index.php (11)
2013/10/02 16:44:24 [trace] [system.CModule] Loading "urlManager" application component
in D:\www\test\novel\common.php (13)
in D:\www\test\novel\index.php (11)
2013/10/02 16:44:24 [trace] [system.CModule] Loading "db" application component
in D:\www\test\novel\protected\models\Book.php (38)
in D:\www\test\novel\protected\controllers\SiteController.php (28)
in D:\www\test\novel\common.php (13)
2013/10/02 16:44:24 [trace] [system.db.CDbConnection] Opening DB connection
in D:\www\test\novel\protected\models\Book.php (38)
in D:\www\test\novel\protected\controllers\SiteController.php (28)
in D:\www\test\novel\common.php (13)
2013/10/02 16:44:24 [trace] [system.db.CDbCommand] Querying SQL: SHOW FULL COLUMNS FROM `book`
in D:\www\test\novel\protected\models\Book.php (38)
in D:\www\test\novel\protected\controllers\SiteController.php (28)
in D:\www\test\novel\common.php (13)
2013/10/02 16:44:24 [trace] [system.db.CDbCommand] Querying SQL: SHOW CREATE TABLE `book`
in D:\www\test\novel\protected\models\Book.php (38)
in D:\www\test\novel\protected\controllers\SiteController.php (28)
in D:\www\test\novel\common.php (13)
2013/10/02 16:44:24 [trace] [system.db.CDbCommand] Querying SQL: SHOW FULL COLUMNS FROM `book_view_stats_by_day`
in D:\www\test\novel\protected\models\BookViewStatsByDay.php (25)
in D:\www\test\novel\protected\controllers\SiteController.php (29)
in D:\www\test\novel\common.php (13)
2013/10/02 16:44:24 [trace] [system.db.CDbCommand] Querying SQL: SHOW CREATE TABLE `book_view_stats_by_day`
in D:\www\test\novel\protected\models\BookViewStatsByDay.php (25)
in D:\www\test\novel\protected\controllers\SiteController.php (29)
in D:\www\test\novel\common.php (13)
2013/10/02 16:44:24 [trace] [system.db.CDbCommand] Querying SQL: SHOW FULL COLUMNS FROM `book_view_stats_by_week`
in D:\www\test\novel\protected\models\BookViewStatsByWeek.php (24)
in D:\www\test\novel\protected\controllers\SiteController.php (30)
in D:\www\test\novel\common.php (13)
2013/10/02 16:44:24 [trace] [system.db.CDbCommand] Querying SQL: SHOW CREATE TABLE `book_view_stats_by_week`
in D:\www\test\novel\protected\models\BookViewStatsByWeek.php (24)
in D:\www\test\novel\protected\controllers\SiteController.php (30)
in D:\www\test\novel\common.php (13)
2013/10/02 16:44:24 [trace] [system.db.CDbCommand] Querying SQL: SHOW FULL COLUMNS FROM `book_view_stats_by_month`
in D:\www\test\novel\protected\models\BookViewStatsByMonth.php (23)
in D:\www\test\novel\protected\controllers\SiteController.php (31)
in D:\www\test\novel\common.php (13)
2013/10/02 16:44:24 [trace] [system.db.CDbCommand] Querying SQL: SHOW CREATE TABLE `book_view_stats_by_month`
in D:\www\test\novel\protected\models\BookViewStatsByMonth.php (23)
in D:\www\test\novel\protected\controllers\SiteController.php (31)
in D:\www\test\novel\common.php (13)
2013/10/02 16:44:24 [trace] [system.CModule] Loading "themeManager" application component
in D:\www\test\novel\protected\controllers\SiteController.php (39)
in D:\www\test\novel\common.php (13)
in D:\www\test\novel\index.php (11)
2013/10/02 16:44:24 [trace] [system.CModule] Loading "widgetFactory" application component
in D:\www\test\novel\themes\front\bootstrap\views\site\index.php (25)
in D:\www\test\novel\protected\controllers\SiteController.php (39)
in D:\www\test\novel\common.php (13)
2013/10/02 16:44:24 [trace] [system.db.ar.CActiveRecord] Book.count()
in D:\www\test\novel\themes\front\bootstrap\views\site\index.php (25)
in D:\www\test\novel\protected\controllers\SiteController.php (39)
in D:\www\test\novel\common.php (13)
2013/10/02 16:44:24 [trace] [system.db.CDbCommand] Querying SQL: SELECT COUNT(*) FROM `book` `t` WHERE (status=:ycp0) AND (recommendlevel=:ycp1)
in D:\www\test\novel\themes\front\bootstrap\views\site\index.php (25)
in D:\www\test\novel\protected\controllers\SiteController.php (39)
in D:\www\test\novel\common.php (13)
2013/10/02 16:44:24 [trace] [system.db.ar.CActiveRecord] Book.findAll()
in D:\www\test\novel\themes\front\bootstrap\views\site\index.php (25)
in D:\www\test\novel\protected\controllers\SiteController.php (39)
in D:\www\test\novel\common.php (13)
2013/10/02 16:44:24 [trace] [system.db.CDbCommand] Querying SQL: SELECT * FROM `book` `t` WHERE (status=:ycp0) AND (recommendlevel=:ycp1) ORDER BY createtime desc LIMIT 10
in D:\www\test\novel\themes\front\bootstrap\views\site\index.php (25)
in D:\www\test\novel\protected\controllers\SiteController.php (39)
in D:\www\test\novel\common.php (13)
2013/10/02 16:44:24 [trace] [system.CModule] Loading "assetManager" application component
in D:\www\test\novel\themes\front\bootstrap\views\site\index.php (25)
in D:\www\test\novel\protected\controllers\SiteController.php (39)
in D:\www\test\novel\common.php (13)
2013/10/02 16:44:24 [trace] [system.CModule] Loading "clientScript" application component
in D:\www\test\novel\themes\front\bootstrap\views\site\index.php (25)
in D:\www\test\novel\protected\controllers\SiteController.php (39)
in D:\www\test\novel\common.php (13)
2013/10/02 16:44:24 [trace] [system.CModule] Loading "coreMessages" application component
in D:\www\test\novel\protected\extensions\bootstrap\widgets\TbThumbnails.php (46)
in D:\www\test\novel\themes\front\bootstrap\views\site\index.php (25)
in D:\www\test\novel\protected\controllers\SiteController.php (39)
2013/10/02 16:44:24 [trace] [system.db.ar.CActiveRecord] Book.count()
in D:\www\test\novel\themes\front\bootstrap\views\site\index.php (33)
in D:\www\test\novel\protected\controllers\SiteController.php (39)
in D:\www\test\novel\common.php (13)
2013/10/02 16:44:24 [trace] [system.db.CDbCommand] Querying SQL: SELECT COUNT(*) FROM `book` `t` WHERE status=:ycp2
in D:\www\test\novel\themes\front\bootstrap\views\site\index.php (33)
in D:\www\test\novel\protected\controllers\SiteController.php (39)
in D:\www\test\novel\common.php (13)
2013/10/02 16:44:24 [trace] [system.db.ar.CActiveRecord] Book.findAll()
in D:\www\test\novel\themes\front\bootstrap\views\site\index.php (33)
in D:\www\test\novel\protected\controllers\SiteController.php (39)
in D:\www\test\novel\common.php (13)
2013/10/02 16:44:24 [trace] [system.db.CDbCommand] Querying SQL: SELECT * FROM `book` `t` WHERE status=:ycp2 ORDER BY createtime,updatetime desc LIMIT 10
in D:\www\test\novel\themes\front\bootstrap\views\site\index.php (33)
in D:\www\test\novel\protected\controllers\SiteController.php (39)
in D:\www\test\novel\common.php (13)
2013/10/02 16:44:24 [trace] [system.db.ar.CActiveRecord] Book.count()
in D:\www\test\novel\protected\extensions\bootstrap\widgets\TbGridView.php (49)
in D:\www\test\novel\themes\front\bootstrap\views\site\index.php (80)
in D:\www\test\novel\protected\controllers\SiteController.php (39)
2013/10/02 16:44:24 [trace] [system.db.CDbCommand] Querying SQL: SELECT COUNT(*) FROM `book` `t` WHERE status=:ycp3
in D:\www\test\novel\protected\extensions\bootstrap\widgets\TbGridView.php (49)
in D:\www\test\novel\themes\front\bootstrap\views\site\index.php (80)
in D:\www\test\novel\protected\controllers\SiteController.php (39)
2013/10/02 16:44:24 [trace] [system.db.ar.CActiveRecord] Book.findAll()
in D:\www\test\novel\protected\extensions\bootstrap\widgets\TbGridView.php (49)
in D:\www\test\novel\themes\front\bootstrap\views\site\index.php (80)
in D:\www\test\novel\protected\controllers\SiteController.php (39)
2013/10/02 16:44:24 [trace] [system.db.CDbCommand] Querying SQL: SELECT * FROM `book` `t` WHERE status=:ycp3 ORDER BY lastchaptertime desc LIMIT 100
in D:\www\test\novel\protected\extensions\bootstrap\widgets\TbGridView.php (49)
in D:\www\test\novel\themes\front\bootstrap\views\site\index.php (80)
in D:\www\test\novel\protected\controllers\SiteController.php (39)
2013/10/02 16:44:24 [trace] [system.db.ar.CActiveRecord] BookViewStatsByDay.count()
in D:\www\test\novel\themes\front\bootstrap\views\site\index.php (99)
in D:\www\test\novel\protected\controllers\SiteController.php (39)
in D:\www\test\novel\common.php (13)
2013/10/02 16:44:24 [trace] [system.db.CDbCommand] Querying SQL: SELECT COUNT(*) FROM `book_view_stats_by_day` `t` WHERE day=:ycp4
in D:\www\test\novel\themes\front\bootstrap\views\site\index.php (99)
in D:\www\test\novel\protected\controllers\SiteController.php (39)
in D:\www\test\novel\common.php (13)
2013/10/02 16:44:24 [trace] [system.db.ar.CActiveRecord] BookViewStatsByDay.findAll()
in D:\www\test\novel\themes\front\bootstrap\views\site\index.php (99)
in D:\www\test\novel\protected\controllers\SiteController.php (39)
in D:\www\test\novel\common.php (13)
2013/10/02 16:44:24 [trace] [system.db.CDbCommand] Querying SQL: SELECT * FROM `book_view_stats_by_day` `t` WHERE day=:ycp4 ORDER BY hits desc LIMIT 4
in D:\www\test\novel\themes\front\bootstrap\views\site\index.php (99)
in D:\www\test\novel\protected\controllers\SiteController.php (39)
in D:\www\test\novel\common.php (13)
2013/10/02 16:44:24 [trace] [system.db.ar.CActiveRecord] BookViewStatsByWeek.count()
in D:\www\test\novel\themes\front\bootstrap\views\site\index.php (108)
in D:\www\test\novel\protected\controllers\SiteController.php (39)
in D:\www\test\novel\common.php (13)
2013/10/02 16:44:24 [trace] [system.db.CDbCommand] Querying SQL: SELECT COUNT(*) FROM `book_view_stats_by_week` `t` WHERE (year=:ycp5) AND (week=:ycp6)
in D:\www\test\novel\themes\front\bootstrap\views\site\index.php (108)
in D:\www\test\novel\protected\controllers\SiteController.php (39)
in D:\www\test\novel\common.php (13)
2013/10/02 16:44:24 [trace] [system.db.ar.CActiveRecord] BookViewStatsByWeek.findAll()
in D:\www\test\novel\themes\front\bootstrap\views\site\index.php (108)
in D:\www\test\novel\protected\controllers\SiteController.php (39)
in D:\www\test\novel\common.php (13)
2013/10/02 16:44:24 [trace] [system.db.CDbCommand] Querying SQL: SELECT * FROM `book_view_stats_by_week` `t` WHERE (year=:ycp5) AND (week=:ycp6) ORDER BY hits desc LIMIT 4
in D:\www\test\novel\themes\front\bootstrap\views\site\index.php (108)
in D:\www\test\novel\protected\controllers\SiteController.php (39)
in D:\www\test\novel\common.php (13)
2013/10/02 16:44:24 [trace] [system.db.ar.CActiveRecord] BookViewStatsByMonth.count()
in D:\www\test\novel\themes\front\bootstrap\views\site\index.php (117)
in D:\www\test\novel\protected\controllers\SiteController.php (39)
in D:\www\test\novel\common.php (13)
2013/10/02 16:44:24 [trace] [system.db.CDbCommand] Querying SQL: SELECT COUNT(*) FROM `book_view_stats_by_month` `t` WHERE month=:ycp7
in D:\www\test\novel\themes\front\bootstrap\views\site\index.php (117)
in D:\www\test\novel\protected\controllers\SiteController.php (39)
in D:\www\test\novel\common.php (13)
2013/10/02 16:44:24 [trace] [system.db.ar.CActiveRecord] BookViewStatsByMonth.findAll()
in D:\www\test\novel\themes\front\bootstrap\views\site\index.php (117)
in D:\www\test\novel\protected\controllers\SiteController.php (39)
in D:\www\test\novel\common.php (13)
2013/10/02 16:44:24 [trace] [system.db.CDbCommand] Querying SQL: SELECT * FROM `book_view_stats_by_month` `t` WHERE month=:ycp7 ORDER BY hits desc LIMIT 4
in D:\www\test\novel\themes\front\bootstrap\views\site\index.php (117)
in D:\www\test\novel\protected\controllers\SiteController.php (39)
in D:\www\test\novel\common.php (13)
2013/10/02 16:44:24 [trace] [system.CModule] Loading "bootstrap" application component
in D:\www\test\novel\themes\front\bootstrap\views\layouts\main.php (12)
in D:\www\test\novel\protected\controllers\SiteController.php (39)
in D:\www\test\novel\common.php (13)
2013/10/02 16:44:24 [trace] [system.db.CDbCommand] Querying SQL: SHOW FULL COLUMNS FROM `category`
in D:\www\test\novel\protected\models\Category.php (29)
in D:\www\test\novel\protected\models\Category.php (180)
in D:\www\test\novel\themes\front\bootstrap\views\layouts\main.php (18)
2013/10/02 16:44:24 [trace] [system.db.CDbCommand] Querying SQL: SHOW CREATE TABLE `category`
in D:\www\test\novel\protected\models\Category.php (29)
in D:\www\test\novel\protected\models\Category.php (180)
in D:\www\test\novel\themes\front\bootstrap\views\layouts\main.php (18)
2013/10/02 16:44:24 [trace] [system.db.ar.CActiveRecord] Category.findAll()
in D:\www\test\novel\protected\models\Category.php (180)
in D:\www\test\novel\themes\front\bootstrap\views\layouts\main.php (18)
in D:\www\test\novel\protected\controllers\SiteController.php (39)
2013/10/02 16:44:24 [trace] [system.db.CDbCommand] Querying SQL: SELECT id,title,shorttitle FROM `category` `t` WHERE (status=:ycp8) AND (isnav=:ycp9) ORDER BY sort desc
in D:\www\test\novel\protected\models\Category.php (180)
in D:\www\test\novel\themes\front\bootstrap\views\layouts\main.php (18)
in D:\www\test\novel\protected\controllers\SiteController.php (39)
2013/10/02 16:44:24 [trace] [system.CModule] Loading "user" application component
in D:\www\test\novel\themes\front\bootstrap\views\layouts\main.php (32)
in D:\www\test\novel\protected\controllers\SiteController.php (39)
in D:\www\test\novel\common.php (13)
2013/10/02 16:44:24 [trace] [system.CModule] Loading "session" application component
in D:\www\test\novel\themes\front\bootstrap\views\layouts\main.php (32)
in D:\www\test\novel\protected\controllers\SiteController.php (39)
in D:\www\test\novel\common.php (13)
2013/10/02 16:44:27 [trace] [system.CModule] Loading "log" application component
in D:\www\test\novel\common.php (11)
in D:\www\test\novel\index.php (11)
2013/10/02 16:44:27 [trace] [system.CModule] Loading "request" application component
in D:\www\test\novel\common.php (11)
in D:\www\test\novel\index.php (11)
2013/10/02 16:44:27 [trace] [system.CModule] Loading "urlManager" application component
in D:\www\test\novel\common.php (13)
in D:\www\test\novel\index.php (11)
2013/10/02 16:44:27 [trace] [system.CModule] Loading "coreMessages" application component
in D:\www\test\novel\common.php (13)
in D:\www\test\novel\index.php (11)
2013/10/02 16:44:27 [error] [exception.CHttpException.404] exception 'CHttpException' with message '无法解析请求 "admin.ph"。' in D:\www\test\novel\framework\web\CWebApplication.php:286
Stack trace:
#0 D:\www\test\novel\framework\web\CWebApplication.php(141): CWebApplication->runController('admin.ph')
#1 D:\www\test\novel\framework\base\CApplication.php(169): CWebApplication->processRequest()
#2 D:\www\test\novel\common.php(13): CApplication->run()
#3 D:\www\test\novel\index.php(11): require_once('D:\www\test\nov...')
#4 {main}
REQUEST_URI=/test/novel/admin.ph
---
2013/10/02 16:44:27 [trace] [system.CModule] Loading "errorHandler" application component
2013/10/02 16:44:27 [trace] [system.CModule] Loading "user" application component
in D:\www\test\novel\protected\controllers\SiteController.php (127)
2013/10/02 16:44:27 [trace] [system.CModule] Loading "session" application component
in D:\www\test\novel\protected\controllers\SiteController.php (127)
2013/10/02 16:44:27 [trace] [system.CModule] Loading "themeManager" application component
in D:\www\test\novel\protected\controllers\SiteController.php (129)
2013/10/02 16:44:27 [trace] [system.CModule] Loading "widgetFactory" application component
in D:\www\test\novel\themes\front\bootstrap\views\layouts\flash-message.php (10)
in D:\www\test\novel\themes\front\bootstrap\views\site\error.php (48)
in D:\www\test\novel\protected\controllers\SiteController.php (129)
2013/10/02 16:44:27 [trace] [system.CModule] Loading "clientScript" application component
in D:\www\test\novel\protected\extensions\bootstrap\widgets\TbAlert.php (135)
in D:\www\test\novel\themes\front\bootstrap\views\layouts\flash-message.php (10)
in D:\www\test\novel\themes\front\bootstrap\views\site\error.php (48)
2013/10/02 16:44:27 [trace] [system.CModule] Loading "bootstrap" application component
in D:\www\test\novel\themes\front\bootstrap\views\layouts\main.php (12)
in D:\www\test\novel\protected\controllers\SiteController.php (129)
2013/10/02 16:44:27 [trace] [system.CModule] Loading "assetManager" application component
in D:\www\test\novel\protected\extensions\bootstrap\components\Bootstrap.php (306)
in D:\www\test\novel\protected\extensions\bootstrap\components\Bootstrap.php (50)
in D:\www\test\novel\protected\extensions\bootstrap\components\Bootstrap.php (81)
2013/10/02 16:44:27 [trace] [system.CModule] Loading "db" application component
in D:\www\test\novel\protected\models\Category.php (29)
in D:\www\test\novel\protected\models\Category.php (180)
in D:\www\test\novel\themes\front\bootstrap\views\layouts\main.php (18)
2013/10/02 16:44:27 [trace] [system.db.CDbConnection] Opening DB connection
in D:\www\test\novel\protected\models\Category.php (29)
in D:\www\test\novel\protected\models\Category.php (180)
in D:\www\test\novel\themes\front\bootstrap\views\layouts\main.php (18)
2013/10/02 16:44:27 [trace] [system.db.CDbCommand] Querying SQL: SHOW FULL COLUMNS FROM `category`
in D:\www\test\novel\protected\models\Category.php (29)
in D:\www\test\novel\protected\models\Category.php (180)
in D:\www\test\novel\themes\front\bootstrap\views\layouts\main.php (18)
2013/10/02 16:44:27 [trace] [system.db.CDbCommand] Querying SQL: SHOW CREATE TABLE `category`
in D:\www\test\novel\protected\models\Category.php (29)
in D:\www\test\novel\protected\models\Category.php (180)
in D:\www\test\novel\themes\front\bootstrap\views\layouts\main.php (18)
2013/10/02 16:44:27 [trace] [system.db.ar.CActiveRecord] Category.findAll()
in D:\www\test\novel\protected\models\Category.php (180)
in D:\www\test\novel\themes\front\bootstrap\views\layouts\main.php (18)
in D:\www\test\novel\protected\controllers\SiteController.php (129)
2013/10/02 16:44:27 [trace] [system.db.CDbCommand] Querying SQL: SELECT id,title,shorttitle FROM `category` `t` WHERE (status=:ycp0) AND (isnav=:ycp1) ORDER BY sort desc
in D:\www\test\novel\protected\models\Category.php (180)
in D:\www\test\novel\themes\front\bootstrap\views\layouts\main.php (18)
in D:\www\test\novel\protected\controllers\SiteController.php (129)
